[    0.000000] niiaizing cgroup subsys cpuset
[    0.000000] Initializing cgroup subsys cpu
[   000000] Initiizincgoup susys cpuacct
[    0.000000] Linux ersion 4.4.0-112-generic (buildd@lgw01-amd64-010) (gcc version 5.4.0 20160609 (Ubuntu 5.4.0ubunt~1.04.5) ) #135-Ubuntu SMP Fri Jn  1:486 C 2018 (Ubuntu 4.4.0-112.135-generic 4.4.98)
[    0.000000] Command line: BOOT_IMAGE=/boot/vmlinuz-4.4.0-112-generic root=LABEL=cloudimg-rootfs ro console=tty1 console=ttyS0
[    0.000000] KERNEL supported cpus:
[    0.0000]   Intel GenuineIntel
[    0.000000]   AMD AuthenticAMD
[    0.000000]   Centaur CentaurHauls
[    0.000000] x8/fpu: tateofet[2]:  576, xstate_izes[]: 25
[   .0000] 6/u: Suporng XSAE eaur0x1:'x7 oaingoit regsters
[    0.000000] x86/fpu: Supporting XSAVE feature 0x02: 'SSE registers'
[   .00000]x86/fp Sportg SAVE feature 0x04: 'AVX registers'
[    0.000000] x86/fpu: Enabled xstate features 0x7, context size is 832 bytes, using 'standard' format.
[    0.000000] x86/fpu: Using 'lazy' FPU context switches.
[    000000 e820: BIOS-provided physical RAM map:
[    0.000000] BIOS-e820: me0x00000000000000-000000009fff] usable
[    0.000000] BIOS-e820:me 0x000000009c00-0x000000000009fff rserved
[    0.000000] BIOS-e820: [mm 0x00000000000f0000-0x00000000000ffff] eserved
[   000000] BIOS-e820: [mem 0x00000000001000-x000000dfeffff] usable
[    0.000000] BIOSe80:[mem 0x00000000dfff000-0x00000000dfffffff] ACPI data
[    000000]BIS-e820: [mem 0x00000000ec00000-0x00000000fec00fff] reserved
   0000000]BIS-20: [mem 0000000fee00000-0x000000ee00f] reserved
[    0.000000]BIOS-e820: [mem 0x00000000fffc0000-0x00000000ffffffff] reserved
[    0.000000] BIOS-e820: [mem 0x0000000100000000-0x000000011fffffff] usable
[    0.000000] NX (Execute Disable) prteion:acve
[   00000] SIO 25 prset.
[    0.00000Hypervior deecd: KM    0000 e20 last_pfn = 0x120000 max_arch_pfn = 0x400000000
[    0.000000] MT: sabled
[     0.000000] x86/PAT: MTRRs disabled, skipping PAT initialization too.
[    0.000000] PUTRRs all ban- irtuazesystem.
[   0.00000]x86/PAT: Coniguratio [0-7]: WB  WT  UC- UC  WB  WT  UC- UC  
[    0.000000] e820: last_pfn = 0xdfff0 max_arch_pfn = 0x400000000
[    0.000000] found SMP MP-table at [mem 0x0009fff0-0x0009ffff] mapped at [ffff88000009fff0]
[    0.000000] Scanning 1 areas for low memory corruption
[    0.00000] AMDISK: [mm x3ad000-x365ff]
[    0.0000]CPI: rltable checksu vificaonisabd[    0.0000ACPI: RSDP 0000000000E000 0024 (v02 VBOX  )
[    000000] ACPI: XSDT 0x00000000DFFF00300033C v0VBOX   VBOXXSDT 00000001 ASL000061)
[    0.0000] APIFAP 0x00000000FF000 00F4(v04 VBOX   BOFACP 0000 ASL  00061)
[    0.000000] ACPI: DSDT 0x00000000DFFF0470 0021FF (v02 VBOX   VBOXBIOS 00000002IN 21008)
[    0.000000] ACPI: FACS 0x00000000DFFF0200 000040
[    0.000000] ACPI: FACS 0x00000000DFFF0200 000040
[   0.000000] ACPI: API 000000FF240 0000 (2 VBX VBXAPIC 000001ASL  00006)
[    .000] ACPI: SSDT 0x00000000DFFF02A0 0001CC (v01 VBOX   VBOXCPUT 00000002 INTL 20100528)
[    0.000000] No NUMA configuration found
[    0.000000]Faing a node at [mem 0x0000000000000000-0x000000011fffffff]
[    0.000000] NODE_DATA(0) allocated [mem 0x11fff7000-0x11fffbfff]
[    0.000000] kvm-clock: Using msrs 4b564d01 and 4b564d00
[    0.000000] kvm-clock: cpu0,sr 1:1ff00 primary cpu clock
[    0.00] kvm-clockusing sched offset of 3212701275 cycles
[    0.000000] clockure: kvm-oc: mask 0fffffffffffffma_cyces0x1c2edfb, max_idlens: 81901483 ns
[   0000 Zneraes
[   0.000]  MA    [mem 0x0000000000001000-0x0000000000ffffff]
[  000000] DM32   [m 0x000000000100000-0000000ffff]
  0.0000   Nomal   me0x000001000000-00000011fffffff]
[    0.00000]  Deice   empty
[  0.000000] Movable zone start for each node
[   000000]ary meornoe ans
[   .0000]   nde   0: [mem 0x0000000000001000-0x000000000009efff]
[    0.000000]   od   : em0x000000000000-x00000dffefff
[   0.0000] node  : me 000000000000-0x000000ffffff][   0.000] nitemetp node0 [mem 0x00000000010-0x00000011fffff]
[    0.000000] ACPI:PM-TierO Port: 0x4008
[    0.000000] IOAPIC[0]: apic_id 2, version 32, address 0xfec00000, GSI 0-23
[    0.000000] ACPI: INT_SRC_OVR (bus 0 bus_irq 0 global_irq 2 dfl dfl)
[    0.00000] ACPI: INT_SRC_OVR (bus 0 bus_irq 9 global_irq 9 low level)
[    0.000000] Using ACPI (MADT) for SMP configuration information
[    0.000000] smpboot: Allowing 2 CPUs, 0holu CPUs
[   0.00000] PM: egteed sa memory: [emx0000000-0x000fff]
[    0.000000] PM: Registedosave mery[[mm 0x00900x0009ff
[   .0000]M:egisterednovememory[mm 0x0a00-0x0eff
    0.000000 P: gisterednove mmo: mem x0f000-000fff]
  0.0000 P Regstednosaveemy: [me 0ff00000xfffff]
[    0.000] M:Resterd sae mery[mem0x00000-0xebff]
[  000000] PM: Registered nosave memory [em0xec000-0xfc0ff
[  000000] M:Reistrenoave memor [m 0xfec00-0xfedffff
[   0.000000] PM: Register nosave emy:[me0xe00000xe00ff
   0.00000PM Reisre nosveemry [em0xfee0000xfffff][   00000] PM: Riserednoave mmoy: [emxffc00xfffffff][   .00000 e820: [mem0xe000000xebffffavilabe r CIdece
[   0.000] Botig aravrtlied kernl  KM   00000] cockource: refine-jffies: mask: 0xffffffff max_cycles: 0xffffffff, max_idle_ns: 7645519600211568 ns
[    0.000000] setup_percpu: NRCPUS:512 nr_pumask_bis:12 nrcp_is:2 nr_node_ids:1
[    0.000000] PERCPU: Embedded 34 pages/cpu @fff8811fc00000 s99544r892 158 u104576
[   000000] PV qspinlck hash bl enie 256 (oer 0, 406 yt)
[  0.0000] Built 1 zonelists in Node order, mobility grouping on.  Total pages: 1032057
[    0.000000] Policy zone: Normal
[   .00000] rnl coan li: BOOT_IMAGE=/boo/vliz-.40-112-generic root=LABEL=cloudimg-rootfs ro console=tty1 console=ttyS0
[    0.000000] PID hash table entries: 406 (order: 3, 3268 bytes)
[   .00000 Mmoy: 403252413848Kavaible (99K kernel code, 1309K rwdata, 3988K rodata, 1508K init, 1316K bss, 161596K reserved, 0K cma-reserved)
[    0.000000] SLUB: HWalign=64, Order=0-3, MinObjects=0, CPUs=2, Nes1
[    0.000000] Kernel/User page tables isolation: enabled
[    0.000000] Hierarchical RCU implementation.
[    0.000000] 	Build-time adjustme o laf ant o 64
[   0.000 	RCrericting Cs romNRPUS=12o nr_c_is=
   000000] R: Adusng gmery or rcu_fanout_leaf=64, nr_cpu_ids=2
[    0.000000] NR_IRQS:33024 nr_irqs:440 16
[    0.000000] Console: colour VGA+ 80x25
[    0.000000] console [tty1] enabled
[    0.000000] console [ttyS0] enabled
[   .000000] tsc: Detected 2899.998 MHz processor
[   14.649073] Calibrating delay loop (skipped) preset value.. 5799.99 BogoMIPS (lpj=11599992)
[   14.701701] pid_max: default: 32768 minimum: 301
[   14.712593] ACPI: Core revision 20150930
[   14.726504] ACPI: 2 ACPI AML tables successfully acquired and loaded
[   14.804175] Security Framework initialized
[   14.871525] Yama: becoming mindful.
[   14.920038] AppArmor: AppArmor initialized
[   14.953835] Dentry cache hash table entries: 524288 (order: 10, 4194304 bytes)
[   15.045624] Inode-cache hash table entries: 262144 (order: 9, 2097152 bytes)
[   15.144730] Mount-cache hash table entries: 8192 (order: 4, 65536 bytes)
[   15.256349] Mountpoint-cache hash table entries: 8192 (order: 4, 65536 bytes)
[   15.356717] Initializing cgroup subsys io
[   15.359784] Initializing cgroup subsys memory
[   15.366082] Initializing cgroup subsys devices
[   15.369874] Initializing cgroup subsys freezer
[   15.389127] Initializing cgroup subsys net_cls
[   15.417464] Initializing cgroup subsys perf_event
[   15.464965] Initializing cgroup subsys net_prio
[   15.544872] Initializing cgroup subsys hugetlb
[   15.629300] Initializing cgroup subsys pids
[   15.709753] CPU: Physical Processor ID: 0
[   15.780451] CPU: Processor Core ID: 0
[   15.855806] FEATURE SPEC_CTRL Not Present
[   15.934769] mce: CPU supports 0 MCE banks
[   15.971680] Last level iTLB entries: 4KB 64, 2MB 8, 4MB 8
[   16.072249] Last level dTLB entries: 4KB 64, 2MB 0, 4MB 0, 1GB 4
[   16.132434] Freeing SMP alternatives memory: 32K
[   16.154330] ftrace: allocating 32180 entries in 126 pages
[   16.263916] smpboot: APIC(0) Converting physical 0 to logical package 0
[   16.316433] smpboot: Max logical packages: 1
[   16.330182] x2apic enabled
[   16.348668] Switched APIC routing to physical x2apic.
[   16.378847] ..TIMER: vector=0x30 apic1=0 pin1=2 apic2=-1 pin2=-1
[   16.531407] smpboot: CPU0: Intel(R) Core(TM) i5-5287U CPU @ 2.90GHz (family: 0x6, model: 0x3d, stepping: 0x4)
[   16.628841] Performance Events: unsupported p6 CPU model 61 no PMU driver, software events only.
[   16.645992] KVM setup paravirtual spinlock
[   16.647987] x86: Booting SMP configuration:
[   16.657252] .... node  #0, CPUs:      #1
[   16.658810] kvm-clock: cpu 1, msr 1:1ffef041, secondary cpu clock
[   16.708441] mce: CPU supports 0 MCE banks
[   16.722129] x86: Booted up 1 node, 2 CPUs
[   16.753212] smpboot: Total of 2 processors activated (11599.99 BogoMIPS)
[   16.845981] devtmpfs: initialized
[   16.894697] evm: security.selinux
[   16.932979] evm: security.SMACK64
[   16.964657] evm: security.SMACK64EXEC
[   17.006868] evm: security.SMACK64TRANSMUTE
[   17.062580] evm: security.SMACK64MMAP
[   17.101338] evm: security.ima
[   17.134614] evm: security.capability
[   17.164422] clocksource: jiffies: mask: 0xffffffff max_cycles: 0xffffffff, max_idle_ns: 7645041785100000 ns
[   17.240328] futex hash table entries: 512 (order: 3, 32768 bytes)
[   17.312944] pinctrl core: initialized pinctrl subsystem
[   17.360750] RTC time: 19:59:23, date: 02/14/18
[   17.375413] NET: Registered protocol family 16
[   17.424432] cpuidle: using governor ladder
[   17.444757] cpuidle: using governor menu
[   17.451922] PCCT header not found.
[   17.462348] ACPI: bus type PCI registered
[   17.474544] acpiphp: ACPI Hot Plug PCI Controller Driver version: 0.5
[   17.482938] PCI: Using configuration type 1 for base access
[   17.531061] ACPI: Added _OSI(Module Device)
[   17.553419] ACPI: Added _OSI(Processor Device)
[   17.561369] ACPI: Added _OSI(3.0 _SCP Extensions)
[   17.614858] ACPI: Added _OSI(Processor Aggregator Device)
[   17.657378] ACPI: Executed 1 blocks of module-level executable AML code
[   17.712704] ACPI: Interpreter enabled
[   17.783928] ACPI: (supports S0 S5)
[   17.827205] ACPI: Using IOAPIC for interrupt routing
[   17.878598] PCI: Using host bridge windows from ACPI; if necessary, use "pci=nocrs" and report a bug
[   18.050986] ACPI: PCI Root Bridge [PCI0] (domain 0000 [bus 00-ff])
[   18.144836] acpi PNP0A03:00: _OSC: OS supports [ASPM ClockPM Segments MSI]
[   18.241627] acpi PNP0A03:00: _OSC: not requesting OS control; OS requires [ExtendedConfig ASPM ClockPM MSI]
[   18.322872] acpi PNP0A03:00: fail to add MMCONFIG information, can't access extended PCI configuration space under this bridge.
[   18.387456] PCI host bridge to bus 0000:00
[   18.390307] pci_bus 0000:00: root bus resource [io  0x0000-0x0cf7 window]
[   18.392419] pci_bus 0000:00: root bus resource [io  0x0d00-0xffff window]
[   18.417186] pci_bus 0000:00: root bus resource [mem 0x000a0000-0x000bffff window]
[   18.447821] pci_bus 0000:00: root bus resource [mem 0xe0000000-0xfdffffff window]
[   18.466167] pci_bus 0000:00: root bus resource [bus 00-ff]
[   18.501894] pci 0000:00:01.1: legacy IDE quirk: reg 0x10: [io  0x01f0-0x01f7]
[   18.532183] pci 0000:00:01.1: legacy IDE quirk: reg 0x14: [io  0x03f6]
[   18.568364] pci 0000:00:01.1: legacy IDE quirk: reg 0x18: [io  0x0170-0x0177]
[   18.600946] pci 0000:00:01.1: legacy IDE quirk: reg 0x1c: [io  0x0376]
[   18.699502] pci 0000:00:07.0: quirk: [io  0x4000-0x403f] claimed by PIIX4 ACPI
[   18.733966] pci 0000:00:07.0: quirk: [io  0x4100-0x410f] claimed by PIIX4 SMB
[   18.818499] ACPI: PCI Interrupt Link [LNKA] (IRQs 5 9 10 *11)
[   18.836949] ACPI: PCI Interrupt Link [LNKB] (IRQs 5 9 *10 11)
[   18.878619] ACPI: PCI Interrupt Link [LNKC] (IRQs 5 *9 10 11)
[   18.885518] ACPI: PCI Interrupt Link [LNKD] (IRQs 5 9 10 *11)
[   18.924715] ACPI: Enabled 2 GPEs in block 00 to 07
[   18.929392] vgaarb: setting as boot device: PCI:0000:00:02.0
[   18.961411] vgaarb: device added: PCI:0000:00:02.0,decodes=io+mem,owns=io+mem,locks=none
[   18.980562] vgaarb: loaded
[   18.996020] vgaarb: bridge control possible 0000:00:02.0
[   19.032609] SCSI subsystem initialized
[   19.077647] ACPI: bus type USB registered
[   19.123634] usbcore: registered new interface driver usbfs
[   19.130808] usbcore: registered new interface driver hub
[   19.188715] usbcore: registered new device driver usb
[   19.225639] PCI: Using ACPI for IRQ routing
[   19.286916] NetLabel: Initializing
[   19.325674] NetLabel:  domain hash size = 128
[   19.385937] NetLabel:  protocols = UNLABELED CIPSOv4
[   19.400065] NetLabel:  unlabeled traffic allowed by default
[   19.472185] amd_nb: Cannot enumerate AMD northbridges
[   19.529472] clocksource: Switched to clocksource kvm-clock
[   19.535] ppmo AppAmoFisyemnaed[ 20671]pn P AI it[ 2065802]pn: P PIfound  dic
[   20.897835] clocksource: acpi_pm: mask: 0xffffff max_cycles: 0xffffff, max_idle_ns: 2085701024 ns
[   21.016482] NET: Registered protocol family 2
[   21.049168] TCP established hash table entries: 32768 (order: 6, 262144 bytes)
[   21.115424] TCP bind hash table entries: 32768 (order: 7, 524288 bytes)
[   21.225124] TCP: Hash tables configured (established 32768 bind 32768)
[   21.280818] UDP hash table entries: 2048 (order: 4, 65536 bytes)
[   21.305116] UDP-Lite hash table entries: 2048 (order: 4, 65536 bytes)
[   21.310130] NET: Registered protocol family 1
[   21.311583] pci 0000:00:00.0: Limiting direct PCI/PCI transfers
[   21.333349] pci 0000:00:01.0: Activating ISA DMA hang workarounds
[   21.380226] Unpacking initramfs...
[   23.194325] Freeing initrd memory: 10792K
[   23.257547] PCI-DMA: Using software bounce buffering for IO (SWIOTLB)
[   23.359258] software IO TLB [mem 0xdbff0000-0xdfff0000] (64MB) mapped at [ffff8800dbff0000-ffff8800dffeffff]
[   3.73] PLMUetcte, PIniis 2^-32 Joules, 4 fxe cuner107424msvftir  4.82]  ut of domain pp0-core 2^-0 Joule
  24.44315 hw niofdoinacag 2-0Joules
[  25.137206] hw unitof dman am^-Joules
[  2.4305] hwniofdoain pp-gu ^-Jole
[   25.987044] platform rtc_cmos: registered platform RTC device (no PNP device found)
[   25.989623] Scanning for low memory corruption every 60 seconds

[   25.992171] audit: initializing netlink subsys (disabled)
[   26.032639] audit: type=2000 audit(1518638358.169:1): initialized
[   26.043839] Initialise system trusted keyring
[   26.054720] HugeTLB registered 2 MB page size, pre-allocated 0 pages
[   26141190] zud: loaded

[   .289] FS: Disk quotas dquot_6.6.0
[   26.431085] VFS: Dquot-cache hash tabl enri: 2 orr , 096 yts)
[ 26.83918] uahfs: version 4.0 (2009/1/1)Phllp ugr  273390ts: fined TSC clocksource calibratio: 2899.233 MHz

[   27.682628] clocksource: tsc: mask: 0xffffffffffffffff max_cycles: 0x29ca6eb73b, ax_idle_ns: 440795274605 ns
[   27.780058] fuse init (API version 7.23)
[   27.801674] Key type big_key registered
[   27.818586] Allocating IMA MOK and blacklist keyrings.
[   27.837667] Key type asymmetric registered
[   27.846733] Asymmetric key parser 'x509' registered
[   27.859411] Block layer SCSI generic (bsg) driver version 0.4 loaded (major 249)
[   27.892086] io scheduler noop registered
[   27.930024] io scheduler deadline registered (default)
[   27.931707] io scheduler cfq registered
[   27.933080] pci_hotplug: PCI Hot Plug PCI Core version: 0.5
[   27.943879] pciehp: PCI Express Hot Plug Controller Driver version: 0.4
[   27.980420] ACPI: AC Adapter [AC] (off-line)
[   28.038584] input: Power Button as /devices/LNXSYSTM:00/LNXPWRBN:00/input/input0
[   28.065125] ACPI: Power Button [PWRF]
[   28.069505] input: Sleep Button as /devices/LNXSYSTM:00/LNXSLPBN:00/input/input1
[   28.079245] ACPI: Sleep Button [SLPF]
[   28.084991] GHES: HEST is not enabled!
[   28.087236] ACPI: Battery Slot [BAT0] (battery present)
[   28.109832] Serial: 8250/16550 driver, 32 ports, IRQ sharing enabled
[   28.157891] 00:02: ttyS0 at I/O 0x3f8 (irq = 4, base_baud = 115200) is a 16550A
[   28.199477] Linux agpgart interface v0.103
[   28.216869] loop: module loaded
[   28.244699] scsi host0: ata_piix
[   28.255134] scsi host1: ata_piix
[   28.264457] ata1: PATA max UDMA/33 cmd 0x1f0 ctl 0x3f6 bmdma 0xd000 irq 14
[   28.297642] ata2: PATA max UDMA/33 cmd 0x170 ctl 0x376 bmdma 0xd008 irq 15
[   28.329928] libphy: Fixed MDIO Bus: probed
[   28.347940] tun: Universal TUN/TAP device driver, 1.6
[   28.371202] tun: (C) 1999-2004 Max Krasnyansky <maxk@qualcomm.com>
[   28.405251] PPP generic driver version 2.4.2
[   28.419121] ehci_hcd: USB 2.0 'Enhanced' Host Controller (EHCI) Driver
[   28.447491] ehci-pci: EHCI PCI platform driver
[   28.501128] ehci-platform: EHCI generic platform driver
[   28.543107] ohci_hcd: USB 1.1 'Open' Host Controller (OHCI) Driver
[   28.623149] ohci-pci: OHCI PCI platform driver
[   28.662845] ohci-platform: OHCI generic platform driver
[   28.695054] uhci_hcd: USB Universal Host Controller Interface driver
[   28.801155] i8042: PNP: PS/2 Controller [PNP0303:PS2K,PNP0f03:PS2M] at 0x60,0x64 irq 1,12
[   28.924713] serio: i8042 KBD port at 0x60,0x64 irq 1
[   28.982718] serio: i8042 AUX port at 0x60,0x64 irq 12
[   29.046452] mousedev: PS/2 mouse device common for all mice
[   29.156743] input: AT Translated Set 2 keyboard as /devices/platform/i8042/serio0/input/input2
[   23263] rtc_cmos rtc_cmos: rtc core rgited rtc_cms s tc0

[   297087] rt_cmosrtcmos: armupo e ay 1 besnvm
[   0.17] c dev enri dve
[  30.7378] vi-mpe ueventveio1..3
[   31.237198] device-mapper: ioctl: 4.34.0-ioctl (2015-10-28) initialised: dm-devel@redhat.com
[   31.369589] ledtrig-cpu: registered to indicate activity on CPUs
[   31.474843] NET: Registered protocol family 10
[   31.542343] NET: Registered protocol family 17
[   31.610443] Key type dns_resolver registered
[   31.707024] microcode: CPU0 sig=0x306d4, pf=0x40, revision=0x0
[   31.807339] microcode: CPU1 sig=0x306d4, pf=0x40, revision=0x0
[   31.889315] microcode: Microcode Update Driver: v2.01 <tigran@aivazian.fsnet.co.uk>, Peter Oruba
[   31.980337] registere tskstats erio 1[  32.271737] Loading compiled-in 50 cticaes
[   32.662271] Loaded X.509 cert 'Build time atoenratederel ke: c630baf0023b4e1fb4c40f507e71ef1'
[   33.175484] zswap: loaded using pool lzo/zbud

[   33.183272] Key type trusted registered
[   33.205808] Key type encrypted registered
[   33.219068] AppArmor: AppArmor sha1 policy hashing enabled
[   33.220775] ima: No TPM chip found, activating TPM-bypass!
[   33.228980] evm: HMAC attrs: 0x1
[   33.240108]   Magic number: 6:485:1001
[   3.227] rtc_cmos tcmo: ttg stem octo010214 1:5:3 U (1883)
[   3.026 BS D acliy 0.6 04un5, devcefond
[   347006] EDD foatn t aiable. [   35.083542] Freeing unused kernel memory: 1508K
[   36.127902] Write protecting the kernel read-only data: 14336k
[   36.137238] Freeing unused kernel memory: 1728K
[   36.224527] Freeing unused kernel memory: 108K
Loading, please [   36.313944] random: systemd-udevd: uninitialized urandom read (16 bytes read, 9 bits of entropy available)
wait...
starting version 229
[   36.314602] random: udevadm: uninitialized urandom read (16 bytes read, 9 bits of entropy available)
[   36.314626] random: udevadm: uninitialized urandom read (16 bytes read, 9 bits of entropy available)
[   36.325342] random: udevadm: uninitialized urandom read (16 bytes read, 9 bits of entropy available)
[   36.325386] random: udevadm: uninitialized urandom read (16 bytes read, 9 bits of entropy available)
[   36.325637] random: udevadm: uninitialized urandom read (16 bytes read, 9 bits of entropy available)
[   36.325697] random: udevadm: uninitialized urandom read (16 bytes read, 9 bits of entropy available)
[   36.325754] random: udevadm: uninitialized urandom read (16 bytes read, 9 bits of entropy available)
[   36.325812] random: udevadm: uninitialized urandom read (16 bytes read, 9 bits of entropy available)
[   36.325869] random: udevadm: uninitialized urandom read (16 bytes read, 9 bits of entropy available)
[   36.759436] e1000: Intel(R) PRO/1000 Network Driver - version 7.3.21-k8-NAPI
[   36.769344] e1000: Copyright (c) 1999-2006 Intel Corporation.
[   36.779294] Fusion MPT base driver 3.04.20
[   36.801271] Copyright (c) 1999-2008 LSI Corporation
[   36.811944] Fusion MPT SPI Host driver 3.04.20
[   36.878572] AVX2 version of gcm_enc/dec engaged.
[   36.888722] AES CTR mode by8 optimization enabled
[   36.980728] input: ImExPS/2 Generic Explorer Mouse as /devices/platform/i8042/serio1/input/input4
[   37.326837] e1000 0000:00:03.0 eth0: (PCI:33MHz:32-bit) 02:69:07:7b:a1:bd
[   37.370186] e1000 0000:00:03.0 eth0: Intel(R) PRO/1000 Network Connection
[   37.509241] mptbase: ioc0: Initiating bringup
[   37.638202] ioc0: LSI53C1030 A0: Capabilities={Initiator}
[   37.936574] scsi host2: ioc0: LSI53C1030 A0, FwRev=00000000h, Ports=1, MaxQ=256, IRQ=20
[   38.218528] scsi 2:0:0:0: Direct-Access     VBOX     HARDDISK         1.0  PQ: 0 ANSI: 5
[   38.257052] scsi target2:0:0: Beginning Domain Validation
[   38.260169] scsi target2:0:0: Domain Validation skipping write tests
[   38.283312] scsi target2:0:0: Ending Domain Validation
[   38.285091] scsi target2:0:0: asynchronous
[   38.317655] scsi 2:0:1:0: Direct-Access     VBOX     HARDDISK         1.0  PQ: 0 ANSI: 5
[   38.321445] scsi target2:0:1: Beginning Domain Validation
[   38.324542] scsi target2:0:1: Domain Validation skipping write tests
[   38.346515] scsi target2:0:1: Ending Domain Validation
[   38.348267] scsi target2:0:1: asynchronous
[   38.366336] sd 2:0:0:0: Attached scsi generic sg0 type 0
[   38.371340] sd 2:0:0:0: [sda] 20971520 512-byte logical blocks: (10.7 GB/10.0 GiB)
[   38.374304] sd 2:0:0:0: [sda] Write Protect is off
[   38.395706] sd 2:0:1:0: Attached scsi generic sg1 type 0
[   38.426978] sd 2:0:0:0: [sda] Incomplete mode parameter data
[   38.440367] sd 2:0:0:0: [sda] Assuming drive cache: write through
[   38.471685] sd 2:0:1:0: [sdb] 20480 512-byte logical blocks: (10.5 MB/10.0 MiB)
[   38.489335] sd 2:0:1:0: [sdb] Write Protect is off
[   38.492323] sd 2:0:1:0: [sdb] Incomplete mode parameter data
[   38.496093] sd 2:0:1:0: [sdb] Assuming drive cache: write through
[   38.535976]  sda: sda1
[   38.553048] sd 2:0:1:0: [sdb] Attached SCSI disk
[   38.559990] sd 2:0:0:0: [sda] Attached SCSI disk
[   38.615526] e1000 0000:00:08.0 eth1: (PCI:33MHz:32-bit) 08:00:27:2b:1e:03
[   38.785080] e1000 0000:00:08.0 eth1: Intel(R) PRO/1000 Network Connection
[   38.903826] e1000 0000:00:08.0 enp0s8: renamed from eth1
[   38.965852] e1000 0000:00:03.0 enp0s3: renamed from eth0
[   39.781808] floppy0: no floppy controllers found
Begin: Loading e[   41.218165] md: linear personality registered for level -1
ssential drivers[   41.254868] md: multipath personality registered for level -4
 ... [   41.324720] md: raid0 personality registered for level 0
[   41.391971] md: raid1 personality registered for level 1
[   41.473644] raid6: sse2x1   gen()  8981 MB/s
[   41.589696] raid6: sse2x1   xor()  7228 MB/s
[   41.673972] raid6: sse2x2   gen()  8813 MB/s
[   41.765685] raid6: sse2x2   xor()  6992 MB/s
[   41.881788] raid6: sse2x4   gen() 14041 MB/s
[   41.973650] raid6: sse2x4   xor()  9850 MB/s
[   42.085515] raid6: avx2x1   gen() 17314 MB/s
[   42.161597] raid6: avx2x2   gen() 11479 MB/s
[   42.237819] raid6: avx2x4   gen() 16658 MB/s
[   42.268080] raid6: using algorithm avx2x1 gen() 17314 MB/s
[   42.272023] raid6: using avx2x2 recovery algorithm
[   42.280780] xor: automatically using best checksumming function:
[   42.369690]    avx       : 20374.000 MB/sec
[   42.431963] async_tx: api initialized (async)
[   42.513371] md: raid6 personality registered for level 6
[   42.579764] md: raid5 personality registered for level 5
[   42.627517] md: raid4 personality registered for level 4
[   42.709496] md: raid10 personality registered for level 10
done.
Begin: Running /scripts/init-premount ... done[   42.862507] Btrfs loaded
.
Begin: Mounting root file system ... Begin: Running /scripts/[   42.950705] EXT4-fs (sda1): mounted filesystem with ordered data mode. Opts: (null)
local-top ... done.
Begin: Running /scripts/local-premount ... Scanning for Btrfs filesystems
done.
Warning: fsck not present, so skipping root file system
done.
Begin: Running /scripts/local-bottom ... done.
Begin: Running /scripts/init-bottom ... done.
[   3.145126 stem1] sstd 9 nng  system me.+PM AUT SEIN +A PPMO+SCKSYIN +MP IBYPSEUP GCYPT+GTL +ACL+XZ LZ+SCO +KID +ELTI +ODID
[   45.004720] systemd[1]: Detected virtualization oracle.
[   45.102695] systemd[1]: Detected architecture x86-64.

Welcome to [1mUbuntu 16.04.3 LTS[0m!

[   45.186591] systemd[1]: Set hostname to <ubuntu>.
[   45.270148] systemd[1]: Initializing machine ID from random generator.
[   45.423617] systemd[1]: Installed transient /etc/machine-id file.
[   45.599813] random: nonblocking pool is initialized
[   45.680590] systemd[1]: Listening on Device-mapper event daemon FIFOs.
[[0;32m  OK  [0m] Listening on Device-mapper event daemon FIFOs.
[   45.878549] systemd[1]: Listening on LVM2 metadata daemon socket.
[[0;32m  OK  [0m] Listening on LVM2 metadata daemon socket.
[   45.944404] systemd[1]: Listening on udev Control Socket.
[[0;32m  OK  [0m] Listening on udev Control Socket.
[   46.122932] systemd[1]: Listening on udev Kernel Socket.
[[0;32m  OK  [0m] Listening on udev Kernel Socket.
[   46.222660] systemd[1]: Listening on Journal Audit Socket.
[[0;32m  OK  [0m] Listening on Journal Audit Socket.
[   46.378508] systemd[1]: Listening on Journal Socket.
[[0;32m  OK  [0m] Listening on Journal Socket.
[   46.538077] systemd[1]: Reached target Swap.
[[0;32m  OK  [0m] Reached target Swap.
[   46.574029] systemd[1]: Listening on /dev/initctl Compatibility Named Pipe.
[[0;32m  OK  [0m] Listening on /dev/initctl Compatibility Named Pipe.
[   46.646617] systemd[1]: Reached target Encrypted Volumes.
[[0;32m  OK  [0m] Reached target Encrypted Volumes.
[   46.722950] systemd[1]: Listening on Syslog Socket.
[[0;32m  OK  [0m] Listening on Syslog Socket.
[   46.869907] systemd[1]: Listening on Journal Socket (/dev/log).
[[0;32m  OK  [0m] Listening on Journal Socket (/dev/log).
[   46.942934] systemd[1]: Created slice System Slice.
[[0;32m  OK  [0m] Created slice System Slice.
[   47.138252] systemd[1]: Mounting Debug File System...
         Mounting Debug File System...
[   47.238418] systemd[1]: Starting Journal Service...
         Starting Journal Service...
[   47.393704] systemd[1]: Starting Create list of required static device nodes for the current kernel...
         Starting Create list of required st... nodes for the current kernel...
[   47.592928] systemd[1]: Mounting Huge Pages File System...
         Mounting Huge Pages File System...
[   47.701752] systemd[1]: Starting Nameserver information manager...
         Starting Nameserver information manager...
[   47.793812] systemd[1]: Starting Load Kernel Modules...
[   47.807190] oangSC tnsrtla v0-0.
         Starting Load Kernel Mo[   48.279315] iscsi: registered transport (tcp)
dules...
[   48.330950] systemd[1]: Starting Set console keymap...
         Starting Set console keymap...
[   48.346333] systemd[1]: Starting Remount Root and Kernel File Systems...
         Startin[   48.361959] iscsi: registered transport (iser)
g Remount Root a[   48.388345] EXT4-fs (sda1): re-mounted. Opts: (null)
nd Kernel File Systems...
[   48.494048] systemd[1]: Starting Uncomplicated firewall...
         Starting Uncomplicated firewall...
[   48.647132] systemd[1]: Created slice system-serial\x2dgetty.slice.
[[0;32m  OK  [0m] Created slice system-serial\x2dgetty.slice.
[   48.738768] systemd[1]: Started Forward Password Requests to Wall Directory Watch.
[[0;32m  OK  [0m] Started Forward Password Requests to Wall Directory Watch.
[   48.814292] systemd[1]: Set up automount Arbitrary Executable File Formats File System Automount Point.
[[0;32m  OK  [0m] Set up automount Arbitrary Executab...ats File System Automount Point.
[   48.875145] systemd[1]: Started Trigger resolvconf update for networkd DNS.
[[0;32m  OK  [0m] Started Trigger resolvconf update for networkd DNS.
[   48.966600] systemd[1]: Reached target User and Group Name Lookups.
[[0;32m  OK  [0m] Reached target User and Group Name Lookups.
[   49.122434] systemd[1]: Mounting POSIX Message Queue File System...
         Mounting POSIX Message Queue File System...
[   49.278302] systemd[1]: Starting Monitoring of LVM2 mirrors, snapshots etc. using dmeventd or progress polling...
         Starting Monitoring of LVM2 mirrors... dmeventd or progress polling...
[   49.399769] systemd[1]: Created slice User and Session Slice.
[[0;32m  OK  [0m] Created slice User and Session Slice.
[   49.517798] systemd[1]: Reached target Slices.
[[0;32m  OK  [0m] Reached target Slices.
[   49.613994] systemd[1]: Listening on LVM2 poll daemon socket.
[[0;32m  OK  [0m] Listening on LVM2 poll daemon socket.
[   49.731702] systemd[1]: Mounted Debug File System.
[[0;32m  OK  [0m] Mounted Debug File System.
[ 494226syte[1: Mounted Huge Pages File System.
[[0;32m  OK  [0m] Mounted Huge Pages File System.
[   50.117527] systemd[1]: Mounted POSIX Message Queue File System.
[[0;32m  OK  [0m] Mounted POSIX Message Queue File System.
[ 5016117] systemd[1]:taedoualerce
[[0;32m  OK  [0m] Started Journal Service.
[[0;32m  OK  [0m] Started Create list of required sta...ce nodes for the current kernel.
[[0;32m  OK  [0m] Started Load Kernel Modules.
[[0;32m  OK  [0m] Started Set console keymap.
[[0;32m  OK  [0m] Started Remount Root and Kernel File Systems.
[[0;32m  OK  [0m] Started Uncomplicated firewall.
[[0;32m  OK  [0m] Started Nameserver information manager.
[[0;32m  OK  [0m] Started LVM2 metadata daemon.
         Starting Load/Save Random Seed...
         Starting Initial cloud-init job (pre-networking)...
         Starting udev Coldplug all Devices...
         Starting Apply Kernel Variables...
         Mounting FUSE Control File System...
         Starting Create Static Device Nodes in /dev...
         Starting Flush Journal to Persistent Storage...
[[0;32m  OK  [0m] Mounted FUSE Control File System.
[[0;32m  OK  [0m] Started Monitoring of LVM2 mirrors,...ng dmeventd or progress polling.
[[0;32m  OK  [0m] Started Load/Save Random Seed.
[[0;32m  OK  [0m] Started Apply Kernel Variables.
[[0;32m  OK  [0m] Started Create Static Device Nodes in /dev.
[[0;32m  OK  [0m] Started udev Coldplug all Devices.
[[0;32m  OK  [0m] Started Flush Journal to Persistent Storage.
         Starting udev Kernel Device Manager...
[[0;32m  OK  [0m] Started udev Kernel Device Manager.
[[0;32m  OK  [0m] Reached target Local File Systems (Pre).
[[0;32m  OK  [0m] Reached target Local File Systems.
         Starting Create Volatile Files and Directories...
         Starting LSB: AppArmor initialization...
         Starting Commit a transient machine-id on disk...
         Starting Tell Plymouth To Write Out Runtime Data...
         Starting Set console font and keymap...
[[0;32m  OK  [0m] Started Dispatch Password Requests to Console Directory Watch.
[[0;32m  OK  [0m] Started Create Volatile Files and Directories.
[[0;32m  OK  [0m] Started Commit a transient machine-id on disk.
[[0;32m  OK  [0m] Started Tell Plymouth To Write Out Runtime Data.
[[0;32m  OK  [0m] Found device /dev/ttyS0.
[[0;32m  OK  [0m] Reached target System Time Synchronized.
[   33.294475] cloud-init[453]: Cloud-init v. 17.1 running 'init-local' at Wed, 14 Feb 2018 19:59:57 +0000. Up 32.76 seconds.
         Starting Update UTMP about System Boot/Shutdown...
[[0;32m  OK  [0m] Started Update UTMP about System Boot/Shutdown.
[[0;32m  OK  [0m] Started Initial cloud-init job (pre-networking).
[[0;32m  OK  [0m] Listening on Load/Save RF Kill Switch Status /dev/rfkill Watch.
[[0;32m  OK  [0m] Reached target Network (Pre).
[[0;32m  OK  [0m] Started LSB: AppArmor initialization.
         Starting Raise network interfaces...
[[0;32m  OK  [0m] Started Set console font and keymap.
[[0;32m  OK  [0m] Created slice system-getty.slice.
[[0;32m  OK  [0m] Started Raise network interfaces.
[[0;32m  OK  [0m] Reached target Network.
         Starting Initial cloud-init job (metadata service crawler)...
[   37.276632] cloud-init[970]: Cloud-init v. 17.1 running 'init' at Wed, 14 Feb 2018 20:00:01 +0000. Up 36.61 seconds.
[   37.373518] cloud-init[970]: ci-info: +++++++++++++++++++++++++++++++++++++Net device info++++++++++++++++++++++++++++++++++++++
[   37.374137] cloud-init[970]: ci-info: +--------+-------+---------------------------+---------------+-------+-------------------+
[[0;32m  OK  [0m] Started Initial cloud-init job (metadata service crawler).
[   37.374383] cloud-init[970]: ci-info: | Device |   Up  |          Address          |      Mask     | Scope |     Hw-Address    |
[   37.768827] cloud-init[970]: ci-info: +--------+-------+---------------------------+---------------+-------+-------------------+
[   37.769391] cloud-init[970]: ci-info: | enp0s3 |  True |         10.0.2.15         | 255.255.255.0 |   .   | 02:69:07:7b:a1:bd |
[[0;32m  OK  [0m] Reached target Network is Online.
[   37.769676] cloud-init[970]: ci-info: | enp0s3 |  True | fe80::69:7ff:fe7b:a1bd/64 |       .       |  link | 02:69:07:7b:a1:bd |
[   37.964675] cloud-init[970]: ci-info: | enp0s8 | False |             .             |       .       |   .   | 08:00:27:2b:1e:03 |
[   37.965010] cloud-init[970]: ci-info: |   lo   |  True |         127.0.0.1         |   255.0.0.0   |   .   |         .         |
[   37.965640] cloud-init[970]: ci-info: |   lo   |  True |          ::1/128          |       .       |  host |         .         |
[   37.965850] cloud-init[970]: ci-info: +--------+-------+---------------------------+---------------+-------+-------------------+
[   37.965931] cloud-init[970]: ci-info: +++++++++++++++++++++++++++Route IPv4 info++++++++++++++++++++++++++++
         Starting iSCSI initiator daemon (iscsid)...
[[   37.965999] cloud-init[970]: ci-info: +-------+-------------+----------+---------------+-----------+-------+
[   38.761948] cloud-init[970]: ci-info: | Route | Destination | Gateway  |    Genmask    | Interface | Flags |
[0;32m  OK  [0m] Reached target Cloud-config availability.
[   38.762453] cloud-init[970]: ci-info: +-------+-------------+----------+---------------+-----------+-------+
[[0;32m  OK  [0m] Reached target System Initialization.
[   39.017588] cloud-init[970]: ci-info: |   0   |   0.0.0.0   | 10.0.2.2 |    0.0.0.0    |   enp0s3  |   UG  |
[   39.099268] cloud-init[970]: ci-info: |   1   |   10.0.2.0  | 0.0.0.0  | 255.255.255.0 |   enp0s3  |   U   |
[[0;32m  OK  [0m] Started ACPI Events Check.
[   39.099678] cloud-init[970]: ci-info: +-------+-------------+----------+---------------+-----------+-------+
[   39.259459] cloud-init[970]: Generating public/private rsa key pair.
[   39.260263] cloud-init[970]: Your identification has been saved in /etc/ssh/ssh_host_rsa_key.
[[0;32m  OK  [0m] Reached target Paths.
[   39.260570] cloud-init[970]: Your public key has been saved in /etc/ssh/ssh_host_rsa_key.pub.
[   39.441381] cloud-init[970]: The key fingerprint is:
[[0;32m  OK  [0m] Listening on ACPID Listen Socket.
[[   39.441607] cloud-init[970]: SHA256:TCT9x8AIbweTPnkxzjIZphbCPUkZ4m/9DuxckhyLQ2I root@ubuntu-xenial
[   39.541598] cloud-init[970]: The key's randomart image is:
[0;32m  OK  [0m] Started Daily apt download activities.
[   39.541926] cloud-init[970]: +---[RSA 2048]----+
[   39.708730] cloud-init[970]: |   ..o=*++       |
[   39.709376] [cloud-init[0;32m  OK  [0m[970]: ] |   .o.*+*o=      |Started Daily apt upgrade and clean activities.

[   39.710245] cloud-init[970]: |    .. *+B.=     |
[[   39.805658] [0;32m  OK  [0mcloud-init] [970]: Started Daily Cleanup of Temporary Directories.|     .o=B.= o    |

         [   39.806250] cloud-init[970]: |    E.+ S= .     |
[   39.890444] cloud-init[970]: |   . + + =       |
Starting Socket activation for snappy daemon.
[   39.890825] cloud-init[970]: |      o B o      |
[   39.920921] cloud-init[970]: |       + =       |
[[0;32m  OK  [0m] Started Timer to automatically refresh installed snaps.
[   39.921350] cloud-init[970]: |        o .      |
[   40.177669] cloud-init[970]: +----[SHA256]-----+
[[0;32m  OK  [0m] Reached target Timers.
[   40.177908] cloud-init[970]: Generating public/private dsa key pair.
[   40.309340] cloud-init[970]: Your identification has been saved in /etc/ssh/ssh_host_dsa_key.
[   40.309910] cloud-init[970]: Your public key has been saved in /etc/ssh/ssh_host_dsa_key.pub.
[[0;32m  OK  [0m] Listening on UUID daemon activation socket.
[   40.310246] cloud-init[970]: The key fingerprint is:
[   40.480250] cloud-init[970]: SHA256:dwUo8aRVIqP/BjtDnmGSdDAhtxMeJlzimY95etqnTec root@ubuntu-xenial
[[0;32m  OK  [0m] Listening on D-Bus System Message Bus Socket.
         Starting LXD - unix socket.
[   40.480546] cloud-init[970]: The key's randomart image is:
[   40.712980] cloud-init[970]: +---[DSA 1024]----+
[   40.713523] cloud-init[970]: [|   .+.X.+.+oo    |[0;32m  OK  [0m
] Listening on Socket activation for snappy daemon.
[[   40.713924] cloud-init[970]: |   ..X B.B.. .   |
[   40.806603] cloud-init[970]: |    + * o..   .  |
[   40.808924] cloud-init[970]: |     = =     .   |
[0;32m  OK  [0m] Listening on LXD - unix socket.
[   40.809374] cloud-init[970]: |    o = S . .    |
[[   40.885382] [0;32m  OK  [0mcloud-init] [970]: Started iSCSI initiator daemon (iscsid).|     o = B .     |

[   40.885848] cloud-init[970]: |    . . B +      |
[   40.945065] cloud-init[970]: |     + o.*       |
         Starting Login to default iSCSI targets...
[[0;32m  OK  [0m] Reached target Sockets.
[[0;32m  OK  [0m] Reached target Basic System.
[   40.974728] cloud-init[970]: |    . oo. E      |
[   41.092834] cloud-init[970]: +----[SHA256]-----+
[   41.112889] cloud-init[970]: Generating public/private ecdsa key pair.
         Starting Apply the settings specified in cloud-config...
[   41.152283] cloud-init[970]: Your identification has been saved in /etc/ssh/ssh_host_ecdsa_key.
[   41.272503] cloud-init[970]: Your public key has been saved in /etc/ssh/ssh_host_ecdsa_key.pub.
[   41.325501] cloud-init[970]: The key fingerprint is:
[[0;32m  OK  [0m] Started Deferred execution scheduler.
[   41.347782] cloud-init[970]: SHA256:y0zPq7PTGlFK6dhTd5ZfPwhSItqHOvydy4yZ7977+ms root@ubuntu-xenial
[   41.404698] cloud-init[970]: The key's randomart image is:
         Starting /etc/rc.local Compatibility...
[   41.426876] cloud-init[970]: +---[ECDSA 256]---+
[   41.436550] cloud-init[970]: |       . . .     |
[   41.437229] cloud-init[970]: |      o o.o    . |
[   41.437330] cloud-init[970]: |     . oooo.. + .|
[   41.437418] cloud-init[970]: |    . .=.+...o..o|
[   41.437493] cloud-init[970]: |     +. S    . .o|
[   41.437572] cloud-init[970]: |      o+.*.     .|
[   41.437654] cloud-init[970]: |       .=+o      |
[   41.437730] cloud-init[970]: |        O.+. E   |
[   41.437805] cloud-init[970]: |       +B&.+*+.  |
[   41.437882] cloud-init[970]: +----[SHA256]-----+
[   41.437964] cloud-init[970]: Generating public/private ed25519 key pair.
[   41.438041] cloud-init[970]: Your identification has been saved in /etc/ssh/ssh_host_ed25519_key.
[   41.438123] cloud-init[970]: Your public key has been saved in /etc/ssh/ssh_host_ed25519_key.pub.
[   41.438201] cloud-init[970]: The key fingerprint is:
[   41.438283] cloud-init[970]: SHA256:fE7btVnnOr4Y67+wvtuFcx+EUXSQOL4pnjlLUJlHtd8 root@ubuntu-xenial
[   41.438357] cloud-init[970]: The key's randomart image is:
[   41.438432] cloud-init[970]: +--[ED25519 256]--+
[   41.438507] cloud-init[970]: |            .o+=.|
[   41.438584] cloud-init[970]: |           +o o..|
[   41.438666] cloud-init[970]: |          +..o.  |
[   41.438742] cloud-init[970]: |       . . .. o..|
[   41.438822] cloud-init[970]: |        S o  +..E|
[   41.438910] cloud-init[970]: |         =.oo..*.|
[   41.438991] cloud-init[970]: |         .+++ =.+|
[   41.439073] cloud-init[970]: |         .=  B.=o|
[   41.439154] cloud-init[970]: |          .=O=B+.|
[   41.439234] cloud-init[970]: +----[SHA256]-----+
[[0;32m  OK  [0m] Started Unattended Upgrades Shutdown.
         Starting Pollinate to seed the pseudo random number generator...
         Starting LSB: MD monitoring daemon...
         Starting System Logging Service...
         Starting Login Service...
         Starting LSB: Record successful boot for GRUB...
         Starting Accounts Service...
[   42.054862] cloud-init[1072]: Generating locales (this might take a while)...
[[0;32m  OK  [0m] Started D-Bus System Message Bus.
[[0;32m  OK  [0m] Started ACPI event daemon.
[[0;32m  OK  [0m] Started FUSE filesystem for LXC.
         Starting LXD - container startup/shutdown...
         Starting Snappy daemon...
[[0;32m  OK  [0m] Started Regular background program processing daemon.
[[0;32m  OK  [0m] Started System Logging Service.
[[0;32m  OK  [0m] Started /etc/rc.local Compatibility.
[[0;32m  OK  [0m] Started LXD - container startup/shutdown.
[[0;32m  OK  [0m] Started Snappy daemon.
[[0;32m  OK  [0m] Started Login to default iSCSI targets.
[[0;32m  OK  [0m] Started Pollinate to seed the pseudo random number generator.
[[0;32m  OK  [0m] Started LSB: MD monitoring daemon.
[[0;32m  OK  [0m] Started LSB: Record successful boot for GRUB.
[[0;32m  OK  [0m] Started Login Service.
         Starting Authenticate and Authorize Users to Run Privileged Tasks...
         Starting OpenBSD Secure Shell server...
[[0;32m  OK  [0m] Reached target Remote File Systems (Pre).
[[0;32m  OK  [0m] Reached target Remote File Systems.
         Starting Permit User Sessions...
         Starting LSB: daemon to balance interrupts for SMP systems...
         Starting LSB: automatic crash report generation...
         Starting LSB: Set the CPU Frequency Scaling governor to "ondemand"...
         Starting LSB: VirtualBox Linux Additions...
[[0;32m  OK  [0m] Started OpenBSD Secure Shell server.
[[0;32m  OK  [0m] Started Permit User Sessions.
[[0;32m  OK  [0m] Started Authenticate and Authorize Users to Run Privileged Tasks.
[[0;32m  OK  [0m] Started Accounts Service.
         Starting Hold until boot process finishes up...
         Starting Terminate Plymouth Boot Screen...
[[0;32m  OK  [0m] Started LSB: daemon to balance interrupts for SMP systems.
[[0;32m  OK  [0m] Started LSB: Set the CPU Frequency Scaling governor to "ondemand".
[[0;32m  OK  [0m] Started LSB: automatic crash report generation.
[[0;32m  OK  [0m] Started Hold until boot process finishes up.
[[0;32m  OK  [0m] Started Terminate Plymouth Boot Screen.
[[0;32m  OK  [0m] Started Getty on tty1.
[[0;32m  OK  [0m] Started Serial Getty on ttyS0.
[[0;32m  OK  [0m] Reached target Login Prompts.
         Starting Set console scheme...
[[0;32m  OK  [0m] Started LSB: VirtualBox Linux Additions.
[[0;32m  OK  [0m] Started Set console scheme.
[[0;32m  OK  [0m] Created slice User Slice of vagrant.
         Starting User Manager for UID 1000...
[[0;32m  OK  [0m] Started Session 1 of user vagrant.
[[0;32m  OK  [0m] Reached target Multi-User System.
[[0;32m  OK  [0m] Reached target Graphical Interface.
         Starting Update UTMP about System Runlevel Changes...
[[0;32m  OK  [0m] Started User Manager for UID 1000.
[   43.750507] cloud-init[1072]:   en_US.UTF-8... done
[   43.769113] cloud-init[1072]: Generation complete.
[[0;32m  OK  [0m] Started Update UTMP about System Runlevel Changes.
[   44.356067] cloud-init[1072]: Cloud-init v. 17.1 running 'modules:config' at Wed, 14 Feb 2018 20:00:06 +0000. Up 41.65 seconds.
[[0;32m  OK  [0m] Started Apply the settings specified in cloud-config.
         Starting Execute cloud user/final scripts...
ci-info: no authorized ssh keys fingerprints found for user ubuntu.
<14>Feb 14 20:00:10 ec2: 
<14>Feb 14 20:00:10 ec2: #############################################################
<14>Feb 14 20:00:10 ec2: -----BEGIN SSH HOST KEY FINGERPRINTS-----
<14>Feb 14 20:00:10 ec2: 1024 SHA256:dwUo8aRVIqP/BjtDnmGSdDAhtxMeJlzimY95etqnTec root@ubuntu-xenial (DSA)
<14>Feb 14 20:00:10 ec2: 256 SHA256:y0zPq7PTGlFK6dhTd5ZfPwhSItqHOvydy4yZ7977+ms root@ubuntu-xenial (ECDSA)
<14>Feb 14 20:00:10 ec2: 256 SHA256:fE7btVnnOr4Y67+wvtuFcx+EUXSQOL4pnjlLUJlHtd8 root@ubuntu-xenial (ED25519)
<14>Feb 14 20:00:10 ec2: 2048 SHA256:TCT9x8AIbweTPnkxzjIZphbCPUkZ4m/9DuxckhyLQ2I root@ubuntu-xenial (RSA)
<14>Feb 14 20:00:10 ec2: -----END SSH HOST KEY FINGERPRINTS-----
<14>Feb 14 20:00:10 ec2: #############################################################
-----BEGIN SSH HOST KEY KEYS-----
ecdsa-sha2-nistp256 AAAAE2VjZHNhLXNoYTItbmlzdHAyNTYAAAAIbmlzdHAyNTYAAABBBE1PP8IX/NXzXJ3grXXAC9+DFxYX4ehGBK+rqg8ND3Jw5ljlq/9qDd7oS4sLafMMYcPMNEy7iMRJDDYJyH33BXo= root@ubuntu-xenial
ssh-ed25519 AAAAC3NzaC1lZDI1NTE5AAAAII1o2rIUFKgOPVW6Lu1S1WoAYfjHo8vJ2PwOy1eUQJYB root@ubuntu-xenial
ssh-rsa AAAAB3NzaC1yc2EAAAADAQABAAABAQDzhEPlCwrzi//ga8UrkEOootq1ayt5V/5pnXA6oLxcNDQVu14zhH5yCh/tGE5BhGufkY0zYCtkoHsU6ZyIYN16bqLnxqhX4bnk+A70L+a/3BroDm/Zpe8fp+MBr7H+qnCPLNPk45JlVkqLszqASUqywwGXmpPP32/RMITvL8yyUF2xSNsPz8/DtFzOUXJvrP4BFYcUTX4pGvYp4xbhHldtL0uETQrxq7eTgT2FnuGZmH26bJLZPQwfGdP1L7Z+O2Hsb824TuffQahvDvCe4f8lYdoqkB0n2O0HNYRvPIiBh9Pal/y+XOFgyEwtBDn5LQXpQ/atG2QMjT/3CWZd4UAf root@ubuntu-xenial
-----END SSH HOST KEY KEYS-----
[   46.032940] cloud-init[1401]: Cloud-init v. 17.1 running 'modules:final' at Wed, 14 Feb 2018 20:00:09 +0000. Up 44.92 seconds.
[   46.061385] cloud-init[1401]: ci-info: no authorized ssh keys fingerprints found for user ubuntu.
[   46.077671] cloud-init[1401]: Cloud-init v. 17.1 finished at Wed, 14 Feb 2018 20:00:11 +0000. Datasource DataSourceNoCloud [seed=/dev/sdb][dsmode=net].  Up 45.99 seconds
         Stopping User Manager for UID 1000...
[[0;32m  OK  [0m] Stopped User Manager for UID 1000.
[[0;32m  OK  [0m] Started Execute cloud user/final scripts.
[[0;32m  OK  [0m] Removed slice User Slice of vagrant.
[[0;32m  OK  [0m] Reached target Cloud-init target.

Ubuntu 16.04.3 LTS projectx ttyS0

projectx login: 